08:47:40.319 [restartedMain] INFO  com.ftalk.samsu.SamsuApiApplication - Starting SamsuApiApplication on lap15447-local with PID 287678 (/home/lap15447/NetbeanProjects/samsu-api/target/classes started by lap15447 in /home/lap15447/NetbeanProjects/samsu-api)
08:47:40.323 [restartedMain] INFO  com.ftalk.samsu.SamsuApiApplication - No active profile set, falling back to default profiles: default
08:47:40.364 [restartedMain] INFO  o.s.b.d.e.DevToolsPropertyDefaultsPostProcessor - Devtools property defaults active! Set 'spring.devtools.add-properties' to 'false' to disable
08:47:40.365 [restartedMain] INFO  o.s.b.d.e.DevToolsPropertyDefaultsPostProcessor - For additional web related logging consider setting the 'logging.level.web' property to 'DEBUG'
08:47:40.953 [restartedMain] INFO  o.s.d.r.c.RepositoryConfigurationDelegate - Bootstrapping Spring Data repositories in DEFAULT mode.
08:47:41.025 [restartedMain] INFO  o.s.d.r.c.RepositoryConfigurationDelegate - Finished Spring Data repository scanning in 60ms. Found 9 repository interfaces.
08:47:41.318 [restartedMain] INFO  o.s.c.s.PostProcessorRegistrationDelegate$BeanPostProcessorChecker - Bean 'org.springframework.transaction.annotation.ProxyTransactionManagementConfiguration' of type [org.springframework.transaction.annotation.ProxyTransactionManagementConfiguration$$EnhancerBySpringCGLIB$$d450662a] is not eligible for getting processed by all BeanPostProcessors (for example: not eligible for auto-proxying)
08:47:41.341 [restartedMain] INFO  o.s.c.s.PostProcessorRegistrationDelegate$BeanPostProcessorChecker - Bean 'org.springframework.security.config.annotation.configuration.ObjectPostProcessorConfiguration' of type [org.springframework.security.config.annotation.configuration.ObjectPostProcessorConfiguration$$EnhancerBySpringCGLIB$$6cfe2e64] is not eligible for getting processed by all BeanPostProcessors (for example: not eligible for auto-proxying)
08:47:41.345 [restartedMain] INFO  o.s.c.s.PostProcessorRegistrationDelegate$BeanPostProcessorChecker - Bean 'objectPostProcessor' of type [org.springframework.security.config.annotation.configuration.AutowireBeanFactoryObjectPostProcessor] is not eligible for getting processed by all BeanPostProcessors (for example: not eligible for auto-proxying)
08:47:41.346 [restartedMain] INFO  o.s.c.s.PostProcessorRegistrationDelegate$BeanPostProcessorChecker - Bean 'org.springframework.security.access.expression.method.DefaultMethodSecurityExpressionHandler@327ac28f' of type [org.springframework.security.access.expression.method.DefaultMethodSecurityExpressionHandler] is not eligible for getting processed by all BeanPostProcessors (for example: not eligible for auto-proxying)
08:47:41.348 [restartedMain] INFO  o.s.c.s.PostProcessorRegistrationDelegate$BeanPostProcessorChecker - Bean 'org.springframework.security.config.annotation.method.configuration.GlobalMethodSecurityConfiguration' of type [org.springframework.security.config.annotation.method.configuration.GlobalMethodSecurityConfiguration$$EnhancerBySpringCGLIB$$91d2d116] is not eligible for getting processed by all BeanPostProcessors (for example: not eligible for auto-proxying)
08:47:41.352 [restartedMain] INFO  o.s.c.s.PostProcessorRegistrationDelegate$BeanPostProcessorChecker - Bean 'org.springframework.security.config.annotation.method.configuration.Jsr250MetadataSourceConfiguration' of type [org.springframework.security.config.annotation.method.configuration.Jsr250MetadataSourceConfiguration$$EnhancerBySpringCGLIB$$b727e92c] is not eligible for getting processed by all BeanPostProcessors (for example: not eligible for auto-proxying)
08:47:41.354 [restartedMain] INFO  o.s.c.s.PostProcessorRegistrationDelegate$BeanPostProcessorChecker - Bean 'jsr250MethodSecurityMetadataSource' of type [org.springframework.security.access.annotation.Jsr250MethodSecurityMetadataSource] is not eligible for getting processed by all BeanPostProcessors (for example: not eligible for auto-proxying)
08:47:41.355 [restartedMain] INFO  o.s.c.s.PostProcessorRegistrationDelegate$BeanPostProcessorChecker - Bean 'methodSecurityMetadataSource' of type [org.springframework.security.access.method.DelegatingMethodSecurityMetadataSource] is not eligible for getting processed by all BeanPostProcessors (for example: not eligible for auto-proxying)
08:47:41.688 [restartedMain] INFO  o.s.b.w.e.tomcat.TomcatWebServer - Tomcat initialized with port(s): 8081 (http)
08:47:41.699 [restartedMain] INFO  o.a.coyote.http11.Http11NioProtocol - Initializing ProtocolHandler ["http-nio-8081"]
08:47:41.706 [restartedMain] INFO  o.a.catalina.core.StandardService - Starting service [Tomcat]
08:47:41.707 [restartedMain] INFO  o.a.catalina.core.StandardEngine - Starting Servlet engine: [Apache Tomcat/9.0.24]
08:47:41.762 [restartedMain] INFO  o.a.c.c.C.[Tomcat].[localhost].[/] - Initializing Spring embedded WebApplicationContext
08:47:41.763 [restartedMain] INFO  o.s.web.context.ContextLoader - Root WebApplicationContext: initialization completed in 1398 ms
08:47:41.893 [restartedMain] INFO  com.zaxxer.hikari.HikariDataSource - HikariPool-1 - Starting...
08:47:42.141 [restartedMain] INFO  com.zaxxer.hikari.HikariDataSource - HikariPool-1 - Start completed.
08:47:42.195 [restartedMain] INFO  o.h.jpa.internal.util.LogHelper - HHH000204: Processing PersistenceUnitInfo [
	name: default
	...]
08:47:42.235 [restartedMain] INFO  org.hibernate.Version - HHH000412: Hibernate Core {5.3.11.Final}
08:47:42.236 [restartedMain] INFO  org.hibernate.cfg.Environment - HHH000206: hibernate.properties not found
08:47:42.311 [restartedMain] INFO  o.h.annotations.common.Version - HCANN000001: Hibernate Commons Annotations {5.0.4.Final}
08:47:42.421 [restartedMain] INFO  org.hibernate.dialect.Dialect - HHH000400: Using dialect: org.hibernate.dialect.MySQL5Dialect
08:47:43.129 [restartedMain] INFO  o.s.o.j.LocalContainerEntityManagerFactoryBean - Initialized JPA EntityManagerFactory for persistence unit 'default'
08:47:44.218 [restartedMain] INFO  o.s.s.web.DefaultSecurityFilterChain - Creating filter chain: any request, [org.springframework.security.web.context.request.async.WebAsyncManagerIntegrationFilter@6074bd1, org.springframework.security.web.context.SecurityContextPersistenceFilter@6ac4170, org.springframework.security.web.header.HeaderWriterFilter@a9a8800, org.springframework.web.filter.CorsFilter@94e9fcf, org.springframework.security.web.authentication.logout.LogoutFilter@59f7b460, org.springframework.security.oauth2.client.web.OAuth2AuthorizationRequestRedirectFilter@2cad7e2d, org.springframework.security.oauth2.client.web.OAuth2LoginAuthenticationFilter@32c599bd, com.ftalk.samsu.security.JwtAuthenticationFilter@3f231dc0, org.springframework.security.web.savedrequest.RequestCacheAwareFilter@6a387211, org.springframework.security.web.servletapi.SecurityContextHolderAwareRequestFilter@30fb373b, org.springframework.security.web.authentication.AnonymousAuthenticationFilter@2bddec70, org.springframework.security.web.session.SessionManagementFilter@76192e88, org.springframework.security.web.access.ExceptionTranslationFilter@2e3a569b, org.springframework.security.web.access.intercept.FilterSecurityInterceptor@2e591d75]
08:47:44.350 [restartedMain] INFO  o.s.s.c.ThreadPoolTaskExecutor - Initializing ExecutorService 'applicationTaskExecutor'
08:47:44.546 [restartedMain] INFO  o.s.b.d.a.OptionalLiveReloadServer - LiveReload server is running on port 35729
08:47:44.585 [restartedMain] INFO  o.a.coyote.http11.Http11NioProtocol - Starting ProtocolHandler ["http-nio-8081"]
08:47:44.599 [restartedMain] INFO  o.s.b.w.e.tomcat.TomcatWebServer - Tomcat started on port(s): 8081 (http) with context path ''
08:47:44.601 [restartedMain] INFO  com.ftalk.samsu.SamsuApiApplication - Started SamsuApiApplication in 4.576 seconds (JVM running for 4.976)
08:47:48.305 [http-nio-8081-exec-1] INFO  o.a.c.c.C.[Tomcat].[localhost].[/] - Initializing Spring DispatcherServlet 'dispatcherServlet'
08:47:48.305 [http-nio-8081-exec-1] INFO  o.s.web.servlet.DispatcherServlet - Initializing Servlet 'dispatcherServlet'
08:47:48.312 [http-nio-8081-exec-1] INFO  o.s.web.servlet.DispatcherServlet - Completed initialization in 7 ms
08:47:48.536 [http-nio-8081-exec-1] INFO  o.h.h.i.QueryTranslatorFactoryInitiator - HHH000397: Using ASTQueryTranslatorFactory
08:59:59.940 [Thread-9] INFO  o.s.s.c.ThreadPoolTaskExecutor - Shutting down ExecutorService 'applicationTaskExecutor'
08:59:59.944 [Thread-9] INFO  o.s.o.j.LocalContainerEntityManagerFactoryBean - Closing JPA EntityManagerFactory for persistence unit 'default'
08:59:59.947 [Thread-9] INFO  com.zaxxer.hikari.HikariDataSource - HikariPool-1 - Shutdown initiated...
08:59:59.953 [Thread-9] INFO  com.zaxxer.hikari.HikariDataSource - HikariPool-1 - Shutdown completed.
09:00:16.625 [restartedMain] INFO  com.ftalk.samsu.SamsuApiApplication - Starting SamsuApiApplication on lap15447-local with PID 288446 (/home/lap15447/NetbeanProjects/samsu-api/target/classes started by lap15447 in /home/lap15447/NetbeanProjects/samsu-api)
09:00:16.628 [restartedMain] INFO  com.ftalk.samsu.SamsuApiApplication - No active profile set, falling back to default profiles: default
09:00:16.669 [restartedMain] INFO  o.s.b.d.e.DevToolsPropertyDefaultsPostProcessor - Devtools property defaults active! Set 'spring.devtools.add-properties' to 'false' to disable
09:00:16.669 [restartedMain] INFO  o.s.b.d.e.DevToolsPropertyDefaultsPostProcessor - For additional web related logging consider setting the 'logging.level.web' property to 'DEBUG'
09:00:17.293 [restartedMain] INFO  o.s.d.r.c.RepositoryConfigurationDelegate - Bootstrapping Spring Data repositories in DEFAULT mode.
09:00:17.373 [restartedMain] INFO  o.s.d.r.c.RepositoryConfigurationDelegate - Finished Spring Data repository scanning in 67ms. Found 9 repository interfaces.
09:00:17.671 [restartedMain] INFO  o.s.c.s.PostProcessorRegistrationDelegate$BeanPostProcessorChecker - Bean 'org.springframework.transaction.annotation.ProxyTransactionManagementConfiguration' of type [org.springframework.transaction.annotation.ProxyTransactionManagementConfiguration$$EnhancerBySpringCGLIB$$80a3ed80] is not eligible for getting processed by all BeanPostProcessors (for example: not eligible for auto-proxying)
09:00:17.692 [restartedMain] INFO  o.s.c.s.PostProcessorRegistrationDelegate$BeanPostProcessorChecker - Bean 'org.springframework.security.config.annotation.configuration.ObjectPostProcessorConfiguration' of type [org.springframework.security.config.annotation.configuration.ObjectPostProcessorConfiguration$$EnhancerBySpringCGLIB$$1951b5ba] is not eligible for getting processed by all BeanPostProcessors (for example: not eligible for auto-proxying)
09:00:17.696 [restartedMain] INFO  o.s.c.s.PostProcessorRegistrationDelegate$BeanPostProcessorChecker - Bean 'objectPostProcessor' of type [org.springframework.security.config.annotation.configuration.AutowireBeanFactoryObjectPostProcessor] is not eligible for getting processed by all BeanPostProcessors (for example: not eligible for auto-proxying)
09:00:17.697 [restartedMain] INFO  o.s.c.s.PostProcessorRegistrationDelegate$BeanPostProcessorChecker - Bean 'org.springframework.security.access.expression.method.DefaultMethodSecurityExpressionHandler@77abdac5' of type [org.springframework.security.access.expression.method.DefaultMethodSecurityExpressionHandler] is not eligible for getting processed by all BeanPostProcessors (for example: not eligible for auto-proxying)
09:00:17.699 [restartedMain] INFO  o.s.c.s.PostProcessorRegistrationDelegate$BeanPostProcessorChecker - Bean 'org.springframework.security.config.annotation.method.configuration.GlobalMethodSecurityConfiguration' of type [org.springframework.security.config.annotation.method.configuration.GlobalMethodSecurityConfiguration$$EnhancerBySpringCGLIB$$3e26586c] is not eligible for getting processed by all BeanPostProcessors (for example: not eligible for auto-proxying)
09:00:17.703 [restartedMain] INFO  o.s.c.s.PostProcessorRegistrationDelegate$BeanPostProcessorChecker - Bean 'org.springframework.security.config.annotation.method.configuration.Jsr250MetadataSourceConfiguration' of type [org.springframework.security.config.annotation.method.configuration.Jsr250MetadataSourceConfiguration$$EnhancerBySpringCGLIB$$637b7082] is not eligible for getting processed by all BeanPostProcessors (for example: not eligible for auto-proxying)
09:00:17.705 [restartedMain] INFO  o.s.c.s.PostProcessorRegistrationDelegate$BeanPostProcessorChecker - Bean 'jsr250MethodSecurityMetadataSource' of type [org.springframework.security.access.annotation.Jsr250MethodSecurityMetadataSource] is not eligible for getting processed by all BeanPostProcessors (for example: not eligible for auto-proxying)
09:00:17.706 [restartedMain] INFO  o.s.c.s.PostProcessorRegistrationDelegate$BeanPostProcessorChecker - Bean 'methodSecurityMetadataSource' of type [org.springframework.security.access.method.DelegatingMethodSecurityMetadataSource] is not eligible for getting processed by all BeanPostProcessors (for example: not eligible for auto-proxying)
09:00:18.068 [restartedMain] INFO  o.s.b.w.e.tomcat.TomcatWebServer - Tomcat initialized with port(s): 8081 (http)
09:00:18.081 [restartedMain] INFO  o.a.coyote.http11.Http11NioProtocol - Initializing ProtocolHandler ["http-nio-8081"]
09:00:18.091 [restartedMain] INFO  o.a.catalina.core.StandardService - Starting service [Tomcat]
09:00:18.092 [restartedMain] INFO  o.a.catalina.core.StandardEngine - Starting Servlet engine: [Apache Tomcat/9.0.24]
09:00:18.156 [restartedMain] INFO  o.a.c.c.C.[Tomcat].[localhost].[/] - Initializing Spring embedded WebApplicationContext
09:00:18.156 [restartedMain] INFO  o.s.web.context.ContextLoader - Root WebApplicationContext: initialization completed in 1487 ms
09:00:18.285 [restartedMain] INFO  com.zaxxer.hikari.HikariDataSource - HikariPool-1 - Starting...
09:00:18.500 [restartedMain] INFO  com.zaxxer.hikari.HikariDataSource - HikariPool-1 - Start completed.
09:00:18.555 [restartedMain] INFO  o.h.jpa.internal.util.LogHelper - HHH000204: Processing PersistenceUnitInfo [
	name: default
	...]
09:00:18.597 [restartedMain] INFO  org.hibernate.Version - HHH000412: Hibernate Core {5.3.11.Final}
09:00:18.598 [restartedMain] INFO  org.hibernate.cfg.Environment - HHH000206: hibernate.properties not found
09:00:18.682 [restartedMain] INFO  o.h.annotations.common.Version - HCANN000001: Hibernate Commons Annotations {5.0.4.Final}
09:00:18.798 [restartedMain] INFO  org.hibernate.dialect.Dialect - HHH000400: Using dialect: org.hibernate.dialect.MySQL5Dialect
09:00:19.457 [restartedMain] INFO  o.s.o.j.LocalContainerEntityManagerFactoryBean - Initialized JPA EntityManagerFactory for persistence unit 'default'
09:00:20.479 [restartedMain] INFO  o.s.s.web.DefaultSecurityFilterChain - Creating filter chain: any request, [org.springframework.security.web.context.request.async.WebAsyncManagerIntegrationFilter@7b7882d6, org.springframework.security.web.context.SecurityContextPersistenceFilter@73366d25, org.springframework.security.web.header.HeaderWriterFilter@1662932, org.springframework.web.filter.CorsFilter@32c599bd, org.springframework.security.web.authentication.logout.LogoutFilter@79f74ad7, org.springframework.security.oauth2.client.web.OAuth2AuthorizationRequestRedirectFilter@4179feea, org.springframework.security.oauth2.client.web.OAuth2LoginAuthenticationFilter@5a29da89, com.ftalk.samsu.security.JwtAuthenticationFilter@6a8cad22, org.springframework.security.web.savedrequest.RequestCacheAwareFilter@244cce21, org.springframework.security.web.servletapi.SecurityContextHolderAwareRequestFilter@32636fbb, org.springframework.security.web.authentication.AnonymousAuthenticationFilter@5a01b6c6, org.springframework.security.web.session.SessionManagementFilter@21faff65, org.springframework.security.web.access.ExceptionTranslationFilter@608e04cb, org.springframework.security.web.access.intercept.FilterSecurityInterceptor@5e5997a3]
09:00:20.609 [restartedMain] INFO  o.s.s.c.ThreadPoolTaskExecutor - Initializing ExecutorService 'applicationTaskExecutor'
09:00:20.815 [restartedMain] INFO  o.s.b.d.a.OptionalLiveReloadServer - LiveReload server is running on port 35729
09:00:20.855 [restartedMain] INFO  o.a.coyote.http11.Http11NioProtocol - Starting ProtocolHandler ["http-nio-8081"]
09:00:20.871 [restartedMain] INFO  o.s.b.w.e.tomcat.TomcatWebServer - Tomcat started on port(s): 8081 (http) with context path ''
09:00:20.873 [restartedMain] INFO  com.ftalk.samsu.SamsuApiApplication - Started SamsuApiApplication in 4.54 seconds (JVM running for 4.92)
09:00:21.974 [http-nio-8081-exec-1] INFO  o.a.c.c.C.[Tomcat].[localhost].[/] - Initializing Spring DispatcherServlet 'dispatcherServlet'
09:00:21.974 [http-nio-8081-exec-1] INFO  o.s.web.servlet.DispatcherServlet - Initializing Servlet 'dispatcherServlet'
09:00:21.981 [http-nio-8081-exec-1] INFO  o.s.web.servlet.DispatcherServlet - Completed initialization in 7 ms
09:00:41.356 [http-nio-8081-exec-4] INFO  o.h.h.i.QueryTranslatorFactoryInitiator - HHH000397: Using ASTQueryTranslatorFactory
09:08:19.735 [Thread-9] INFO  o.s.s.c.ThreadPoolTaskExecutor - Shutting down ExecutorService 'applicationTaskExecutor'
09:08:19.737 [Thread-9] INFO  o.s.o.j.LocalContainerEntityManagerFactoryBean - Closing JPA EntityManagerFactory for persistence unit 'default'
09:08:19.739 [Thread-9] INFO  com.zaxxer.hikari.HikariDataSource - HikariPool-1 - Shutdown initiated...
09:08:19.743 [Thread-9] INFO  com.zaxxer.hikari.HikariDataSource - HikariPool-1 - Shutdown completed.
09:58:23.898 [restartedMain] INFO  com.ftalk.samsu.SamsuApiApplication - Starting SamsuApiApplication on lap15447-local with PID 291417 (/home/lap15447/NetbeanProjects/samsu-api/target/classes started by lap15447 in /home/lap15447/NetbeanProjects/samsu-api)
09:58:23.901 [restartedMain] INFO  com.ftalk.samsu.SamsuApiApplication - No active profile set, falling back to default profiles: default
09:58:23.950 [restartedMain] INFO  o.s.b.d.e.DevToolsPropertyDefaultsPostProcessor - Devtools property defaults active! Set 'spring.devtools.add-properties' to 'false' to disable
09:58:23.950 [restartedMain] INFO  o.s.b.d.e.DevToolsPropertyDefaultsPostProcessor - For additional web related logging consider setting the 'logging.level.web' property to 'DEBUG'
09:58:24.630 [restartedMain] INFO  o.s.d.r.c.RepositoryConfigurationDelegate - Bootstrapping Spring Data repositories in DEFAULT mode.
09:58:24.721 [restartedMain] INFO  o.s.d.r.c.RepositoryConfigurationDelegate - Finished Spring Data repository scanning in 77ms. Found 9 repository interfaces.
09:58:25.028 [restartedMain] INFO  o.s.c.s.PostProcessorRegistrationDelegate$BeanPostProcessorChecker - Bean 'org.springframework.transaction.annotation.ProxyTransactionManagementConfiguration' of type [org.springframework.transaction.annotation.ProxyTransactionManagementConfiguration$$EnhancerBySpringCGLIB$$f04e2271] is not eligible for getting processed by all BeanPostProcessors (for example: not eligible for auto-proxying)
09:58:25.055 [restartedMain] INFO  o.s.c.s.PostProcessorRegistrationDelegate$BeanPostProcessorChecker - Bean 'org.springframework.security.config.annotation.configuration.ObjectPostProcessorConfiguration' of type [org.springframework.security.config.annotation.configuration.ObjectPostProcessorConfiguration$$EnhancerBySpringCGLIB$$88fbeaab] is not eligible for getting processed by all BeanPostProcessors (for example: not eligible for auto-proxying)
09:58:25.060 [restartedMain] INFO  o.s.c.s.PostProcessorRegistrationDelegate$BeanPostProcessorChecker - Bean 'objectPostProcessor' of type [org.springframework.security.config.annotation.configuration.AutowireBeanFactoryObjectPostProcessor] is not eligible for getting processed by all BeanPostProcessors (for example: not eligible for auto-proxying)
09:58:25.061 [restartedMain] INFO  o.s.c.s.PostProcessorRegistrationDelegate$BeanPostProcessorChecker - Bean 'org.springframework.security.access.expression.method.DefaultMethodSecurityExpressionHandler@7327ec05' of type [org.springframework.security.access.expression.method.DefaultMethodSecurityExpressionHandler] is not eligible for getting processed by all BeanPostProcessors (for example: not eligible for auto-proxying)
09:58:25.064 [restartedMain] INFO  o.s.c.s.PostProcessorRegistrationDelegate$BeanPostProcessorChecker - Bean 'org.springframework.security.config.annotation.method.configuration.GlobalMethodSecurityConfiguration' of type [org.springframework.security.config.annotation.method.configuration.GlobalMethodSecurityConfiguration$$EnhancerBySpringCGLIB$$add08d5d] is not eligible for getting processed by all BeanPostProcessors (for example: not eligible for auto-proxying)
09:58:25.071 [restartedMain] INFO  o.s.c.s.PostProcessorRegistrationDelegate$BeanPostProcessorChecker - Bean 'org.springframework.security.config.annotation.method.configuration.Jsr250MetadataSourceConfiguration' of type [org.springframework.security.config.annotation.method.configuration.Jsr250MetadataSourceConfiguration$$EnhancerBySpringCGLIB$$d325a573] is not eligible for getting processed by all BeanPostProcessors (for example: not eligible for auto-proxying)
09:58:25.074 [restartedMain] INFO  o.s.c.s.PostProcessorRegistrationDelegate$BeanPostProcessorChecker - Bean 'jsr250MethodSecurityMetadataSource' of type [org.springframework.security.access.annotation.Jsr250MethodSecurityMetadataSource] is not eligible for getting processed by all BeanPostProcessors (for example: not eligible for auto-proxying)
09:58:25.075 [restartedMain] INFO  o.s.c.s.PostProcessorRegistrationDelegate$BeanPostProcessorChecker - Bean 'methodSecurityMetadataSource' of type [org.springframework.security.access.method.DelegatingMethodSecurityMetadataSource] is not eligible for getting processed by all BeanPostProcessors (for example: not eligible for auto-proxying)
09:58:25.530 [restartedMain] INFO  o.s.b.w.e.tomcat.TomcatWebServer - Tomcat initialized with port(s): 8081 (http)
09:58:25.543 [restartedMain] INFO  o.a.coyote.http11.Http11NioProtocol - Initializing ProtocolHandler ["http-nio-8081"]
09:58:25.552 [restartedMain] INFO  o.a.catalina.core.StandardService - Starting service [Tomcat]
09:58:25.552 [restartedMain] INFO  o.a.catalina.core.StandardEngine - Starting Servlet engine: [Apache Tomcat/9.0.24]
09:58:25.615 [restartedMain] INFO  o.a.c.c.C.[Tomcat].[localhost].[/] - Initializing Spring embedded WebApplicationContext
09:58:25.615 [restartedMain] INFO  o.s.web.context.ContextLoader - Root WebApplicationContext: initialization completed in 1664 ms
09:58:25.756 [restartedMain] INFO  com.zaxxer.hikari.HikariDataSource - HikariPool-1 - Starting...
09:58:25.989 [restartedMain] INFO  com.zaxxer.hikari.HikariDataSource - HikariPool-1 - Start completed.
09:58:26.047 [restartedMain] INFO  o.h.jpa.internal.util.LogHelper - HHH000204: Processing PersistenceUnitInfo [
	name: default
	...]
09:58:26.089 [restartedMain] INFO  org.hibernate.Version - HHH000412: Hibernate Core {5.3.11.Final}
09:58:26.091 [restartedMain] INFO  org.hibernate.cfg.Environment - HHH000206: hibernate.properties not found
09:58:26.212 [restartedMain] INFO  o.h.annotations.common.Version - HCANN000001: Hibernate Commons Annotations {5.0.4.Final}
09:58:26.348 [restartedMain] INFO  org.hibernate.dialect.Dialect - HHH000400: Using dialect: org.hibernate.dialect.MySQL5Dialect
09:58:27.094 [restartedMain] INFO  o.s.o.j.LocalContainerEntityManagerFactoryBean - Initialized JPA EntityManagerFactory for persistence unit 'default'
09:58:28.189 [restartedMain] INFO  o.s.s.web.DefaultSecurityFilterChain - Creating filter chain: any request, [org.springframework.security.web.context.request.async.WebAsyncManagerIntegrationFilter@c156e15, org.springframework.security.web.context.SecurityContextPersistenceFilter@6df3d103, org.springframework.security.web.header.HeaderWriterFilter@53ad9439, org.springframework.web.filter.CorsFilter@30b1e654, org.springframework.security.web.authentication.logout.LogoutFilter@28a93a96, org.springframework.security.oauth2.client.web.OAuth2AuthorizationRequestRedirectFilter@19302416, org.springframework.security.oauth2.client.web.OAuth2LoginAuthenticationFilter@783e523a, com.ftalk.samsu.security.JwtAuthenticationFilter@327acee8, org.springframework.security.web.savedrequest.RequestCacheAwareFilter@7fc30c92, org.springframework.security.web.servletapi.SecurityContextHolderAwareRequestFilter@426cdd35, org.springframework.security.web.authentication.AnonymousAuthenticationFilter@424fc741, org.springframework.security.web.session.SessionManagementFilter@71bdcf66, org.springframework.security.web.access.ExceptionTranslationFilter@67dec3ec, org.springframework.security.web.access.intercept.FilterSecurityInterceptor@61ae101]
09:58:28.330 [restartedMain] INFO  o.s.s.c.ThreadPoolTaskExecutor - Initializing ExecutorService 'applicationTaskExecutor'
09:58:28.576 [restartedMain] INFO  o.s.b.d.a.OptionalLiveReloadServer - LiveReload server is running on port 35729
09:58:28.609 [restartedMain] INFO  o.a.coyote.http11.Http11NioProtocol - Starting ProtocolHandler ["http-nio-8081"]
09:58:28.624 [restartedMain] INFO  o.s.b.w.e.tomcat.TomcatWebServer - Tomcat started on port(s): 8081 (http) with context path ''
09:58:28.626 [restartedMain] INFO  com.ftalk.samsu.SamsuApiApplication - Started SamsuApiApplication in 5.03 seconds (JVM running for 5.477)
09:58:29.128 [http-nio-8081-exec-1] INFO  o.a.c.c.C.[Tomcat].[localhost].[/] - Initializing Spring DispatcherServlet 'dispatcherServlet'
09:58:29.128 [http-nio-8081-exec-1] INFO  o.s.web.servlet.DispatcherServlet - Initializing Servlet 'dispatcherServlet'
09:58:29.138 [http-nio-8081-exec-1] INFO  o.s.web.servlet.DispatcherServlet - Completed initialization in 10 ms
09:58:33.364 [http-nio-8081-exec-2] INFO  o.h.h.i.QueryTranslatorFactoryInitiator - HHH000397: Using ASTQueryTranslatorFactory
11:15:07.610 [Thread-9] INFO  o.s.s.c.ThreadPoolTaskExecutor - Shutting down ExecutorService 'applicationTaskExecutor'
11:15:07.614 [Thread-9] INFO  o.s.o.j.LocalContainerEntityManagerFactoryBean - Closing JPA EntityManagerFactory for persistence unit 'default'
11:15:07.620 [Thread-9] INFO  com.zaxxer.hikari.HikariDataSource - HikariPool-1 - Shutdown initiated...
11:15:07.622 [Thread-9] INFO  com.zaxxer.hikari.HikariDataSource - HikariPool-1 - Shutdown completed.
11:15:11.377 [restartedMain] INFO  com.ftalk.samsu.SamsuApiApplication - Starting SamsuApiApplication on lap15447-local with PID 295221 (/home/lap15447/NetbeanProjects/samsu-api/target/classes started by lap15447 in /home/lap15447/NetbeanProjects/samsu-api)
11:15:11.378 [restartedMain] INFO  com.ftalk.samsu.SamsuApiApplication - No active profile set, falling back to default profiles: default
11:15:11.412 [restartedMain] INFO  o.s.b.d.e.DevToolsPropertyDefaultsPostProcessor - Devtools property defaults active! Set 'spring.devtools.add-properties' to 'false' to disable
11:15:11.412 [restartedMain] INFO  o.s.b.d.e.DevToolsPropertyDefaultsPostProcessor - For additional web related logging consider setting the 'logging.level.web' property to 'DEBUG'
11:15:12.007 [restartedMain] INFO  o.s.d.r.c.RepositoryConfigurationDelegate - Bootstrapping Spring Data repositories in DEFAULT mode.
11:15:12.100 [restartedMain] INFO  o.s.d.r.c.RepositoryConfigurationDelegate - Finished Spring Data repository scanning in 88ms. Found 9 repository interfaces.
11:15:12.353 [restartedMain] INFO  o.s.c.s.PostProcessorRegistrationDelegate$BeanPostProcessorChecker - Bean 'org.springframework.transaction.annotation.ProxyTransactionManagementConfiguration' of type [org.springframework.transaction.annotation.ProxyTransactionManagementConfiguration$$EnhancerBySpringCGLIB$$2e6bbf3b] is not eligible for getting processed by all BeanPostProcessors (for example: not eligible for auto-proxying)
11:15:12.376 [restartedMain] INFO  o.s.c.s.PostProcessorRegistrationDelegate$BeanPostProcessorChecker - Bean 'org.springframework.security.config.annotation.configuration.ObjectPostProcessorConfiguration' of type [org.springframework.security.config.annotation.configuration.ObjectPostProcessorConfiguration$$EnhancerBySpringCGLIB$$c7198775] is not eligible for getting processed by all BeanPostProcessors (for example: not eligible for auto-proxying)
11:15:12.379 [restartedMain] INFO  o.s.c.s.PostProcessorRegistrationDelegate$BeanPostProcessorChecker - Bean 'objectPostProcessor' of type [org.springframework.security.config.annotation.configuration.AutowireBeanFactoryObjectPostProcessor] is not eligible for getting processed by all BeanPostProcessors (for example: not eligible for auto-proxying)
11:15:12.380 [restartedMain] INFO  o.s.c.s.PostProcessorRegistrationDelegate$BeanPostProcessorChecker - Bean 'org.springframework.security.access.expression.method.DefaultMethodSecurityExpressionHandler@2f76a618' of type [org.springframework.security.access.expression.method.DefaultMethodSecurityExpressionHandler] is not eligible for getting processed by all BeanPostProcessors (for example: not eligible for auto-proxying)
11:15:12.382 [restartedMain] INFO  o.s.c.s.PostProcessorRegistrationDelegate$BeanPostProcessorChecker - Bean 'org.springframework.security.config.annotation.method.configuration.GlobalMethodSecurityConfiguration' of type [org.springframework.security.config.annotation.method.configuration.GlobalMethodSecurityConfiguration$$EnhancerBySpringCGLIB$$ebee2a27] is not eligible for getting processed by all BeanPostProcessors (for example: not eligible for auto-proxying)
11:15:12.387 [restartedMain] INFO  o.s.c.s.PostProcessorRegistrationDelegate$BeanPostProcessorChecker - Bean 'org.springframework.security.config.annotation.method.configuration.Jsr250MetadataSourceConfiguration' of type [org.springframework.security.config.annotation.method.configuration.Jsr250MetadataSourceConfiguration$$EnhancerBySpringCGLIB$$1143423d] is not eligible for getting processed by all BeanPostProcessors (for example: not eligible for auto-proxying)
11:15:12.388 [restartedMain] INFO  o.s.c.s.PostProcessorRegistrationDelegate$BeanPostProcessorChecker - Bean 'jsr250MethodSecurityMetadataSource' of type [org.springframework.security.access.annotation.Jsr250MethodSecurityMetadataSource] is not eligible for getting processed by all BeanPostProcessors (for example: not eligible for auto-proxying)
11:15:12.389 [restartedMain] INFO  o.s.c.s.PostProcessorRegistrationDelegate$BeanPostProcessorChecker - Bean 'methodSecurityMetadataSource' of type [org.springframework.security.access.method.DelegatingMethodSecurityMetadataSource] is not eligible for getting processed by all BeanPostProcessors (for example: not eligible for auto-proxying)
11:15:12.769 [restartedMain] INFO  o.s.b.w.e.tomcat.TomcatWebServer - Tomcat initialized with port(s): 8081 (http)
11:15:12.781 [restartedMain] INFO  o.a.coyote.http11.Http11NioProtocol - Initializing ProtocolHandler ["http-nio-8081"]
11:15:12.789 [restartedMain] INFO  o.a.catalina.core.StandardService - Starting service [Tomcat]
11:15:12.789 [restartedMain] INFO  o.a.catalina.core.StandardEngine - Starting Servlet engine: [Apache Tomcat/9.0.24]
11:15:12.846 [restartedMain] INFO  o.a.c.c.C.[Tomcat].[localhost].[/] - Initializing Spring embedded WebApplicationContext
11:15:12.846 [restartedMain] INFO  o.s.web.context.ContextLoader - Root WebApplicationContext: initialization completed in 1434 ms
11:15:13.007 [restartedMain] INFO  com.zaxxer.hikari.HikariDataSource - HikariPool-1 - Starting...
11:15:14.026 [restartedMain] INFO  com.zaxxer.hikari.HikariDataSource - HikariPool-1 - Start completed.
11:15:14.100 [restartedMain] INFO  o.h.jpa.internal.util.LogHelper - HHH000204: Processing PersistenceUnitInfo [
	name: default
	...]
11:15:14.144 [restartedMain] INFO  org.hibernate.Version - HHH000412: Hibernate Core {5.3.11.Final}
11:15:14.145 [restartedMain] INFO  org.hibernate.cfg.Environment - HHH000206: hibernate.properties not found
11:15:14.275 [restartedMain] INFO  o.h.annotations.common.Version - HCANN000001: Hibernate Commons Annotations {5.0.4.Final}
11:15:14.401 [restartedMain] INFO  org.hibernate.dialect.Dialect - HHH000400: Using dialect: org.hibernate.dialect.MySQL5Dialect
11:15:15.089 [restartedMain] INFO  o.s.o.j.LocalContainerEntityManagerFactoryBean - Initialized JPA EntityManagerFactory for persistence unit 'default'
11:15:16.035 [restartedMain] INFO  o.s.s.web.DefaultSecurityFilterChain - Creating filter chain: any request, [org.springframework.security.web.context.request.async.WebAsyncManagerIntegrationFilter@6772bf40, org.springframework.security.web.context.SecurityContextPersistenceFilter@499f057, org.springframework.security.web.header.HeaderWriterFilter@2933cb07, org.springframework.web.filter.CorsFilter@3e67b6a4, org.springframework.security.web.authentication.logout.LogoutFilter@2090e740, org.springframework.security.oauth2.client.web.OAuth2AuthorizationRequestRedirectFilter@71594064, org.springframework.security.oauth2.client.web.OAuth2LoginAuthenticationFilter@2acfaa68, com.ftalk.samsu.security.JwtAuthenticationFilter@46fd17bd, org.springframework.security.web.savedrequest.RequestCacheAwareFilter@449f2cec, org.springframework.security.web.servletapi.SecurityContextHolderAwareRequestFilter@1e3024d, org.springframework.security.web.authentication.AnonymousAuthenticationFilter@74b4bec4, org.springframework.security.web.session.SessionManagementFilter@53ed29b6, org.springframework.security.web.access.ExceptionTranslationFilter@1543dc21, org.springframework.security.web.access.intercept.FilterSecurityInterceptor@6a312786]
11:15:16.136 [restartedMain] INFO  o.s.s.c.ThreadPoolTaskExecutor - Initializing ExecutorService 'applicationTaskExecutor'
11:15:16.280 [restartedMain] INFO  o.s.b.d.a.OptionalLiveReloadServer - LiveReload server is running on port 35729
11:15:16.304 [restartedMain] INFO  o.a.coyote.http11.Http11NioProtocol - Starting ProtocolHandler ["http-nio-8081"]
11:15:16.317 [restartedMain] INFO  o.s.b.w.e.tomcat.TomcatWebServer - Tomcat started on port(s): 8081 (http) with context path ''
11:15:16.318 [restartedMain] INFO  com.ftalk.samsu.SamsuApiApplication - Started SamsuApiApplication in 5.205 seconds (JVM running for 5.728)
11:15:23.608 [http-nio-8081-exec-1] INFO  o.a.c.c.C.[Tomcat].[localhost].[/] - Initializing Spring DispatcherServlet 'dispatcherServlet'
11:15:23.608 [http-nio-8081-exec-1] INFO  o.s.web.servlet.DispatcherServlet - Initializing Servlet 'dispatcherServlet'
11:15:23.615 [http-nio-8081-exec-1] INFO  o.s.web.servlet.DispatcherServlet - Completed initialization in 7 ms
11:15:28.167 [http-nio-8081-exec-3] INFO  o.h.h.i.QueryTranslatorFactoryInitiator - HHH000397: Using ASTQueryTranslatorFactory
11:16:44.026 [Thread-9] INFO  o.s.s.c.ThreadPoolTaskExecutor - Shutting down ExecutorService 'applicationTaskExecutor'
11:16:44.030 [Thread-9] INFO  o.s.o.j.LocalContainerEntityManagerFactoryBean - Closing JPA EntityManagerFactory for persistence unit 'default'
11:16:44.032 [Thread-9] INFO  com.zaxxer.hikari.HikariDataSource - HikariPool-1 - Shutdown initiated...
11:16:44.036 [Thread-9] INFO  com.zaxxer.hikari.HikariDataSource - HikariPool-1 - Shutdown completed.
11:16:53.136 [restartedMain] INFO  com.ftalk.samsu.SamsuApiApplication - Starting SamsuApiApplication on lap15447-local with PID 295559 (/home/lap15447/NetbeanProjects/samsu-api/target/classes started by lap15447 in /home/lap15447/NetbeanProjects/samsu-api)
11:16:53.139 [restartedMain] INFO  com.ftalk.samsu.SamsuApiApplication - No active profile set, falling back to default profiles: default
11:16:53.190 [restartedMain] INFO  o.s.b.d.e.DevToolsPropertyDefaultsPostProcessor - Devtools property defaults active! Set 'spring.devtools.add-properties' to 'false' to disable
11:16:53.190 [restartedMain] INFO  o.s.b.d.e.DevToolsPropertyDefaultsPostProcessor - For additional web related logging consider setting the 'logging.level.web' property to 'DEBUG'
11:16:53.723 [restartedMain] INFO  o.s.d.r.c.RepositoryConfigurationDelegate - Bootstrapping Spring Data repositories in DEFAULT mode.
11:16:53.799 [restartedMain] INFO  o.s.d.r.c.RepositoryConfigurationDelegate - Finished Spring Data repository scanning in 63ms. Found 9 repository interfaces.
11:16:54.102 [restartedMain] INFO  o.s.c.s.PostProcessorRegistrationDelegate$BeanPostProcessorChecker - Bean 'org.springframework.transaction.annotation.ProxyTransactionManagementConfiguration' of type [org.springframework.transaction.annotation.ProxyTransactionManagementConfiguration$$EnhancerBySpringCGLIB$$105d4c20] is not eligible for getting processed by all BeanPostProcessors (for example: not eligible for auto-proxying)
11:16:54.129 [restartedMain] INFO  o.s.c.s.PostProcessorRegistrationDelegate$BeanPostProcessorChecker - Bean 'org.springframework.security.config.annotation.configuration.ObjectPostProcessorConfiguration' of type [org.springframework.security.config.annotation.configuration.ObjectPostProcessorConfiguration$$EnhancerBySpringCGLIB$$a90b145a] is not eligible for getting processed by all BeanPostProcessors (for example: not eligible for auto-proxying)
11:16:54.133 [restartedMain] INFO  o.s.c.s.PostProcessorRegistrationDelegate$BeanPostProcessorChecker - Bean 'objectPostProcessor' of type [org.springframework.security.config.annotation.configuration.AutowireBeanFactoryObjectPostProcessor] is not eligible for getting processed by all BeanPostProcessors (for example: not eligible for auto-proxying)
11:16:54.134 [restartedMain] INFO  o.s.c.s.PostProcessorRegistrationDelegate$BeanPostProcessorChecker - Bean 'org.springframework.security.access.expression.method.DefaultMethodSecurityExpressionHandler@380f83e2' of type [org.springframework.security.access.expression.method.DefaultMethodSecurityExpressionHandler] is not eligible for getting processed by all BeanPostProcessors (for example: not eligible for auto-proxying)
11:16:54.135 [restartedMain] INFO  o.s.c.s.PostProcessorRegistrationDelegate$BeanPostProcessorChecker - Bean 'org.springframework.security.config.annotation.method.configuration.GlobalMethodSecurityConfiguration' of type [org.springframework.security.config.annotation.method.configuration.GlobalMethodSecurityConfiguration$$EnhancerBySpringCGLIB$$cddfb70c] is not eligible for getting processed by all BeanPostProcessors (for example: not eligible for auto-proxying)
11:16:54.140 [restartedMain] INFO  o.s.c.s.PostProcessorRegistrationDelegate$BeanPostProcessorChecker - Bean 'org.springframework.security.config.annotation.method.configuration.Jsr250MetadataSourceConfiguration' of type [org.springframework.security.config.annotation.method.configuration.Jsr250MetadataSourceConfiguration$$EnhancerBySpringCGLIB$$f334cf22] is not eligible for getting processed by all BeanPostProcessors (for example: not eligible for auto-proxying)
11:16:54.142 [restartedMain] INFO  o.s.c.s.PostProcessorRegistrationDelegate$BeanPostProcessorChecker - Bean 'jsr250MethodSecurityMetadataSource' of type [org.springframework.security.access.annotation.Jsr250MethodSecurityMetadataSource] is not eligible for getting processed by all BeanPostProcessors (for example: not eligible for auto-proxying)
11:16:54.142 [restartedMain] INFO  o.s.c.s.PostProcessorRegistrationDelegate$BeanPostProcessorChecker - Bean 'methodSecurityMetadataSource' of type [org.springframework.security.access.method.DelegatingMethodSecurityMetadataSource] is not eligible for getting processed by all BeanPostProcessors (for example: not eligible for auto-proxying)
11:16:54.503 [restartedMain] INFO  o.s.b.w.e.tomcat.TomcatWebServer - Tomcat initialized with port(s): 8081 (http)
11:16:54.519 [restartedMain] INFO  o.a.coyote.http11.Http11NioProtocol - Initializing ProtocolHandler ["http-nio-8081"]
11:16:54.527 [restartedMain] INFO  o.a.catalina.core.StandardService - Starting service [Tomcat]
11:16:54.528 [restartedMain] INFO  o.a.catalina.core.StandardEngine - Starting Servlet engine: [Apache Tomcat/9.0.24]
11:16:54.604 [restartedMain] INFO  o.a.c.c.C.[Tomcat].[localhost].[/] - Initializing Spring embedded WebApplicationContext
11:16:54.604 [restartedMain] INFO  o.s.web.context.ContextLoader - Root WebApplicationContext: initialization completed in 1414 ms
11:16:54.762 [restartedMain] INFO  com.zaxxer.hikari.HikariDataSource - HikariPool-1 - Starting...
11:16:55.063 [restartedMain] INFO  com.zaxxer.hikari.HikariDataSource - HikariPool-1 - Start completed.
11:16:55.126 [restartedMain] INFO  o.h.jpa.internal.util.LogHelper - HHH000204: Processing PersistenceUnitInfo [
	name: default
	...]
11:16:55.160 [restartedMain] INFO  org.hibernate.Version - HHH000412: Hibernate Core {5.3.11.Final}
11:16:55.161 [restartedMain] INFO  org.hibernate.cfg.Environment - HHH000206: hibernate.properties not found
11:16:55.241 [restartedMain] INFO  o.h.annotations.common.Version - HCANN000001: Hibernate Commons Annotations {5.0.4.Final}
11:16:55.356 [restartedMain] INFO  org.hibernate.dialect.Dialect - HHH000400: Using dialect: org.hibernate.dialect.MySQL5Dialect
11:16:56.046 [restartedMain] INFO  o.s.o.j.LocalContainerEntityManagerFactoryBean - Initialized JPA EntityManagerFactory for persistence unit 'default'
11:16:56.913 [restartedMain] INFO  o.s.s.web.DefaultSecurityFilterChain - Creating filter chain: any request, [org.springframework.security.web.context.request.async.WebAsyncManagerIntegrationFilter@6618fb84, org.springframework.security.web.context.SecurityContextPersistenceFilter@1b9645f0, org.springframework.security.web.header.HeaderWriterFilter@64c4cbc0, org.springframework.web.filter.CorsFilter@839ab05, org.springframework.security.web.authentication.logout.LogoutFilter@2c5be136, org.springframework.security.oauth2.client.web.OAuth2AuthorizationRequestRedirectFilter@5d63ac9c, org.springframework.security.oauth2.client.web.OAuth2LoginAuthenticationFilter@48f8c88b, com.ftalk.samsu.security.JwtAuthenticationFilter@f056eaf, org.springframework.security.web.savedrequest.RequestCacheAwareFilter@19f9fb30, org.springframework.security.web.servletapi.SecurityContextHolderAwareRequestFilter@7b7d44e2, org.springframework.security.web.authentication.AnonymousAuthenticationFilter@69854cc7, org.springframework.security.web.session.SessionManagementFilter@40f27a37, org.springframework.security.web.access.ExceptionTranslationFilter@47f8ab43, org.springframework.security.web.access.intercept.FilterSecurityInterceptor@e13f237]
11:16:57.015 [restartedMain] INFO  o.s.s.c.ThreadPoolTaskExecutor - Initializing ExecutorService 'applicationTaskExecutor'
11:16:57.162 [restartedMain] INFO  o.s.b.d.a.OptionalLiveReloadServer - LiveReload server is running on port 35729
11:16:57.187 [restartedMain] INFO  o.a.coyote.http11.Http11NioProtocol - Starting ProtocolHandler ["http-nio-8081"]
11:16:57.197 [restartedMain] INFO  o.s.b.w.e.tomcat.TomcatWebServer - Tomcat started on port(s): 8081 (http) with context path ''
11:16:57.198 [restartedMain] INFO  com.ftalk.samsu.SamsuApiApplication - Started SamsuApiApplication in 4.375 seconds (JVM running for 4.781)
11:17:36.035 [Thread-9] INFO  o.s.s.c.ThreadPoolTaskExecutor - Shutting down ExecutorService 'applicationTaskExecutor'
11:17:36.039 [Thread-9] INFO  o.s.o.j.LocalContainerEntityManagerFactoryBean - Closing JPA EntityManagerFactory for persistence unit 'default'
11:17:36.041 [Thread-9] INFO  com.zaxxer.hikari.HikariDataSource - HikariPool-1 - Shutdown initiated...
11:17:36.045 [Thread-9] INFO  com.zaxxer.hikari.HikariDataSource - HikariPool-1 - Shutdown completed.
